ls: cannot access '/var/local/geoserver-exts/*/': No such file or directory
NOTE: Picked up JDK_JAVA_OPTIONS:  --add-opens=java.base/java.lang=ALL-UNNAMED --add-opens=java.base/java.io=ALL-UNNAMED --add-opens=java.base/java.util=ALL-UNNAMED --add-opens=java.base/java.util.concurrent=ALL-UNNAMED --add-opens=java.rmi/sun.rmi.transport=ALL-UNNAMED
OpenJDK 64-Bit Server VM warning: Option UseConcMarkSweepGC was deprecated in version 9.0 and will likely be removed in a future release.
06-Aug-2021 11:23:47.271 INFO [main] org.apache.catalina.startup.VersionLoggerListener.log Server version name:   Apache Tomcat/9.0.50
06-Aug-2021 11:23:47.274 INFO [main] org.apache.catalina.startup.VersionLoggerListener.log Server built:          Jun 28 2021 08:46:44 UTC
06-Aug-2021 11:23:47.274 INFO [main] org.apache.catalina.startup.VersionLoggerListener.log Server version number: 9.0.50.0
06-Aug-2021 11:23:47.274 INFO [main] org.apache.catalina.startup.VersionLoggerListener.log OS Name:               Linux
06-Aug-2021 11:23:47.274 INFO [main] org.apache.catalina.startup.VersionLoggerListener.log OS Version:            5.4.0-80-generic
06-Aug-2021 11:23:47.274 INFO [main] org.apache.catalina.startup.VersionLoggerListener.log Architecture:          amd64
06-Aug-2021 11:23:47.274 INFO [main] org.apache.catalina.startup.VersionLoggerListener.log Java Home:             /usr/local/openjdk-11
06-Aug-2021 11:23:47.274 INFO [main] org.apache.catalina.startup.VersionLoggerListener.log JVM Version:           11.0.11+9
06-Aug-2021 11:23:47.274 INFO [main] org.apache.catalina.startup.VersionLoggerListener.log JVM Vendor:            Oracle Corporation
06-Aug-2021 11:23:47.275 INFO [main] org.apache.catalina.startup.VersionLoggerListener.log CATALINA_BASE:         /usr/local/tomcat
06-Aug-2021 11:23:47.275 INFO [main] org.apache.catalina.startup.VersionLoggerListener.log CATALINA_HOME:         /usr/local/tomcat
06-Aug-2021 11:23:47.282 INFO [main] org.apache.catalina.startup.VersionLoggerListener.log Command line argument: --add-opens=java.base/java.lang=ALL-UNNAMED
06-Aug-2021 11:23:47.282 INFO [main] org.apache.catalina.startup.VersionLoggerListener.log Command line argument: --add-opens=java.base/java.io=ALL-UNNAMED
06-Aug-2021 11:23:47.282 INFO [main] org.apache.catalina.startup.VersionLoggerListener.log Command line argument: --add-opens=java.base/java.util=ALL-UNNAMED
06-Aug-2021 11:23:47.282 INFO [main] org.apache.catalina.startup.VersionLoggerListener.log Command line argument: --add-opens=java.base/java.util.concurrent=ALL-UNNAMED
06-Aug-2021 11:23:47.282 INFO [main] org.apache.catalina.startup.VersionLoggerListener.log Command line argument: --add-opens=java.rmi/sun.rmi.transport=ALL-UNNAMED
06-Aug-2021 11:23:47.282 INFO [main] org.apache.catalina.startup.VersionLoggerListener.log Command line argument: -Djava.util.logging.config.file=/usr/local/tomcat/conf/logging.properties
06-Aug-2021 11:23:47.283 INFO [main] org.apache.catalina.startup.VersionLoggerListener.log Command line argument: -Djava.util.logging.manager=org.apache.juli.ClassLoaderLogManager
06-Aug-2021 11:23:47.283 INFO [main] org.apache.catalina.startup.VersionLoggerListener.log Command line argument: -Djdk.tls.ephemeralDHKeySize=2048
06-Aug-2021 11:23:47.283 INFO [main] org.apache.catalina.startup.VersionLoggerListener.log Command line argument: -Djava.protocol.handler.pkgs=org.apache.catalina.webresources
06-Aug-2021 11:23:47.283 INFO [main] org.apache.catalina.startup.VersionLoggerListener.log Command line argument: -Dorg.apache.catalina.security.SecurityListener.UMASK=0027
06-Aug-2021 11:23:47.283 INFO [main] org.apache.catalina.startup.VersionLoggerListener.log Command line argument: -Djava.awt.headless=true
06-Aug-2021 11:23:47.283 INFO [main] org.apache.catalina.startup.VersionLoggerListener.log Command line argument: -Xms768m
06-Aug-2021 11:23:47.283 INFO [main] org.apache.catalina.startup.VersionLoggerListener.log Command line argument: -Xmx1560m
06-Aug-2021 11:23:47.283 INFO [main] org.apache.catalina.startup.VersionLoggerListener.log Command line argument: -XX:+UseConcMarkSweepGC
06-Aug-2021 11:23:47.283 INFO [main] org.apache.catalina.startup.VersionLoggerListener.log Command line argument: -XX:NewSize=48m
06-Aug-2021 11:23:47.283 INFO [main] org.apache.catalina.startup.VersionLoggerListener.log Command line argument: -DGEOSERVER_DATA_DIR=/var/local/geoserver
06-Aug-2021 11:23:47.283 INFO [main] org.apache.catalina.startup.VersionLoggerListener.log Command line argument: -Dignore.endorsed.dirs=
06-Aug-2021 11:23:47.284 INFO [main] org.apache.catalina.startup.VersionLoggerListener.log Command line argument: -Dcatalina.base=/usr/local/tomcat
06-Aug-2021 11:23:47.284 INFO [main] org.apache.catalina.startup.VersionLoggerListener.log Command line argument: -Dcatalina.home=/usr/local/tomcat
06-Aug-2021 11:23:47.284 INFO [main] org.apache.catalina.startup.VersionLoggerListener.log Command line argument: -Djava.io.tmpdir=/usr/local/tomcat/temp
06-Aug-2021 11:23:47.287 INFO [main] org.apache.catalina.core.AprLifecycleListener.lifecycleEvent Loaded Apache Tomcat Native library [1.2.30] using APR version [1.6.5].
06-Aug-2021 11:23:47.287 INFO [main] org.apache.catalina.core.AprLifecycleListener.lifecycleEvent APR capabilities: IPv6 [true], sendfile [true], accept filters [false], random [true], UDS [true].
06-Aug-2021 11:23:47.287 INFO [main] org.apache.catalina.core.AprLifecycleListener.lifecycleEvent APR/OpenSSL configuration: useAprConnector [false], useOpenSSL [true]
06-Aug-2021 11:23:47.289 INFO [main] org.apache.catalina.core.AprLifecycleListener.initializeSSL OpenSSL successfully initialized [OpenSSL 1.1.1d  10 Sep 2019]
06-Aug-2021 11:23:47.531 INFO [main] org.apache.coyote.AbstractProtocol.init Initializing ProtocolHandler ["http-nio-8080"]
06-Aug-2021 11:23:47.550 INFO [main] org.apache.catalina.startup.Catalina.load Server initialization in [425] milliseconds
06-Aug-2021 11:23:47.590 INFO [main] org.apache.catalina.core.StandardService.startInternal Starting service [Catalina]
06-Aug-2021 11:23:47.590 INFO [main] org.apache.catalina.core.StandardEngine.startInternal Starting Servlet engine: [Apache Tomcat/9.0.50]
06-Aug-2021 11:23:47.597 INFO [main] org.apache.catalina.startup.HostConfig.deployDescriptor Deploying deployment descriptor [/usr/local/tomcat/conf/Catalina/localhost/geoserver.xml]
06-Aug-2021 11:23:47.608 WARNING [main] org.apache.catalina.startup.HostConfig.deployDescriptor The path attribute with value [/geoserver] in deployment descriptor [/usr/local/tomcat/conf/Catalina/localhost/geoserver.xml] has been ignored
06-Aug-2021 11:23:51.648 INFO [main] org.apache.jasper.servlet.TldScanner.scanJars At least one JAR was scanned for TLDs yet contained no TLDs. Enable debug logging for this logger for a complete list of JARs that were scanned but no TLDs were found in them. Skipping unneeded JARs during scanning can improve startup time and JSP compilation time.
06-Aug-2021 11:23:52.397 WARNING [main] org.geoserver.platform.GeoServerExtensions.checkContext Extension lookup 'XStreamPersisterInitializer', but ApplicationContext is unset.
06-Aug-2021 11:23:52.399 WARNING [main] org.geoserver.platform.GeoServerExtensions.checkContext Extension lookup 'ExtensionFilter', but ApplicationContext is unset.
06-Aug-2021 11:23:52.400 WARNING [main] org.geoserver.platform.GeoServerExtensions.checkContext Extension lookup 'ExtensionProvider', but ApplicationContext is unset.
06-Aug-2021 11:23:52.400 WARNING [main] org.geoserver.platform.GeoServerExtensions.checkContext Extension lookup 'ExtensionFilter', but ApplicationContext is unset.
log4j:WARN File option not set for appender [geoserverlogfile].
log4j:WARN Are you using FileAppender instead of ConsoleAppender?
06-Aug-2021 11:23:53.856 WARNING [main] org.geoserver.platform.GeoServerExtensions.checkContext Extension lookup 'GeoServerSecurityProvider', but ApplicationContext is unset.
06-Aug-2021 11:23:53.856 WARNING [main] org.geoserver.platform.GeoServerExtensions.checkContext Extension lookup 'ExtensionFilter', but ApplicationContext is unset.
06-Aug-2021 11:23:53.856 WARNING [main] org.geoserver.platform.GeoServerExtensions.checkContext Extension lookup 'ExtensionProvider', but ApplicationContext is unset.
06-Aug-2021 11:23:53.857 WARNING [main] org.geoserver.platform.GeoServerExtensions.checkContext Extension lookup 'ExtensionFilter', but ApplicationContext is unset.
WARNING: An illegal reflective access operation has occurred
WARNING: Illegal reflective access by org.geotools.image.ImageWorker (file:/usr/local/geoserver/WEB-INF/lib/gt-coverage-25.2.jar) to constructor com.sun.imageio.plugins.jpeg.JPEGImageWriterSpi()
WARNING: Please consider reporting this to the maintainers of org.geotools.image.ImageWorker
WARNING: Use --illegal-access=warn to enable warnings of further illegal reflective access operations
WARNING: All illegal access operations will be denied in a future release
06-Aug-2021 11:23:59.750 INFO [main] org.apache.catalina.startup.HostConfig.deployDescriptor Deployment of deployment descriptor [/usr/local/tomcat/conf/Catalina/localhost/geoserver.xml] has finished in [12,153] ms
06-Aug-2021 11:23:59.753 INFO [main] org.apache.coyote.AbstractProtocol.start Starting ProtocolHandler ["http-nio-8080"]
06-Aug-2021 11:23:59.765 INFO [main] org.apache.catalina.startup.Catalina.start Server startup in [12214] milliseconds
